sctp TRACE: 15:14:01.835860 stream.go:252: [7:0xc000c00ea0] bufferedAmount = 173                                                                                                                                                                                                                                              info    @13: Sending output to 1 dcs
sctp TRACE: 15:14:01.836016 stream.go:252: [7:0xc000c00ea0] bufferedAmount = 180                                                                                                                                                                                                                                              info    @13: Sending output to 1 dcs
sctp TRACE: 15:14:01.836558 stream.go:252: [7:0xc000c00ea0] bufferedAmount = 188                                                                                                                                                                                                                                              sctp TRACE: 15:14:02.022551 association.go:1051: [0xc000c00ea0] DATA: tsn=472614587 immediateSack=false len=1
sctp DEBUG: 15:14:02.022597 stream.go:120: [7:0xc000c00ea0] reassemblyQueue readable=true                                                                                                                                                                                                                                     sctp DEBUG: 15:14:02.022604 stream.go:122: [7:0xc000c00ea0] readNotifier.signal()
sctp DEBUG: 15:14:02.022618 stream.go:124: [7:0xc000c00ea0] readNotifier.signal() done                                                                                                                                                                                                                                        sctp DEBUG: 15:14:02.022649 association.go:665: [0xc000c00ea0] sending SACK: SACK cumTsnAck=472614587 arwnd=1048576 dupTsn=[]
info    @13: Sending output to 1 dcs                                                                                                                                                                                                                                                                                          sctp TRACE: 15:14:02.023640 stream.go:252: [7:0xc000c00ea0] bufferedAmount = 195
info    @13: Sending output to 1 dcs
sctp TRACE: 15:14:02.024641 stream.go:252: [7:0xc000c00ea0] bufferedAmount = 204
...
info    @13: Sending output to 1 dcs
sctp TRACE: 15:14:49.331404 stream.go:252: [7:0xc000c00ea0] bufferedAmount = 5154
sctp TRACE: 15:14:49.414104 association.go:1051: [0xc000c00ea0] DATA: tsn=472614649 immediateSack=false len=1
sctp DEBUG: 15:14:49.414153 stream.go:120: [7:0xc000c00ea0] reassemblyQueue readable=true
sctp DEBUG: 15:14:49.414161 stream.go:122: [7:0xc000c00ea0] readNotifier.signal()
sctp DEBUG: 15:14:49.414170 stream.go:124: [7:0xc000c00ea0] readNotifier.signal() done
info    @13: Sending output to 1 dcs
sctp TRACE: 15:14:49.417876 stream.go:252: [7:0xc000c00ea0] bufferedAmount = 5184
sctp TRACE: 15:14:49.516542 association.go:1051: [0xc000c00ea0] DATA: tsn=472614650 immediateSack=false len=1
sctp DEBUG: 15:14:49.516599 stream.go:120: [7:0xc000c00ea0] reassemblyQueue readable=true
sctp DEBUG: 15:14:49.516607 stream.go:122: [7:0xc000c00ea0] readNotifier.signal()
sctp DEBUG: 15:14:49.516618 stream.go:124: [7:0xc000c00ea0] readNotifier.signal() done
sctp DEBUG: 15:14:49.516652 association.go:665: [0xc000c00ea0] sending SACK: SACK cumTsnAck=472614650 arwnd=1048575 dupTsn=[]
info    @13: Sending output to 1 dcs

